Scraping...
https://www.amazon.com/s/ref=nb_sb_noss?url=node%3D3952&field-keywords=
https://www.amazon.com/Programming-Languages-Computers-Technology/s?ie=UTF8&page=2&rh=n%3A3952
https://www.amazon.com/Programming-Languages-Computers-Technology/s?ie=UTF8&page=3&rh=n%3A3952
https://www.amazon.com/Programming-Languages-Computers-Technology/s?ie=UTF8&page=4&rh=n%3A3952
https://www.amazon.com/Python-Crash-Course-Hands-Project-Based/dp/1593276036
https://www.amazon.com/Clean-Code-Handbook-Software-Craftsmanship/dp/0132350882
https://www.amazon.com/Web-Design-HTML-JavaScript-jQuery/dp/1118907442
https://www.amazon.com/Automate-Boring-Stuff-Python-Programming/dp/1593275994
https://www.amazon.com/HTML-CSS-Design-Build-Websites/dp/1118008189
https://www.amazon.com/Learn-Windows-PowerShell-Month-Lunches/dp/1617294160
https://www.amazon.com/Head-First-Java-Kathy-Sierra/dp/0596009208
https://www.amazon.com/Introduction-Statistical-Learning-Applications-Statistics/dp/1461471370
https://www.amazon.com/Learning-Python-5th-Mark-Lutz/dp/1449355730
https://www.amazon.com/SQL-Minutes-Sams-Teach-Yourself/dp/0672336073
https://www.amazon.com/Code-Complete-Practical-Handbook-Construction/dp/0735619670
https://www.amazon.com/Programming-Arduino-Getting-Started-Sketches/dp/1259641635
https://www.amazon.com/Python-Kids-Playful-Introduction-Programming/dp/1593274076
https://www.amazon.com/Head-First-Design-Patterns-Brain-Friendly/dp/0596007124
https://www.amazon.com/Code-Language-Computer-Hardware-Software/dp/073560505X
https://www.amazon.com/Elements-Programming-Interviews-Python-Insiders/dp/1537713949
https://www.amazon.com/Data-Science-Scratch-Principles-Python/dp/149190142X
https://www.amazon.com/Primer-5th-Stanley-B-Lippman/dp/0321714113
https://www.amazon.com/Self-Taught-Programmer-Definitive-Programming-Professionally/dp/1520288174
https://www.amazon.com/Python-Data-Analysis-Wrangling-IPython/dp/1449319793
https://www.amazon.com/Make-Electronics-Learning-Through-Discovery/dp/1680450263
https://www.amazon.com/Algorithm-Design-Manual-Steven-Skiena/dp/1849967202
https://www.amazon.com/C-Programming-Language-2nd-Ed/dp/0131103709
https://www.amazon.com/JavaScript-JQuery-Interactive-Front-End-Development/dp/1118531647
https://www.amazon.com/Effective-Java-2nd-Joshua-Bloch/dp/0321356683
https://www.amazon.com/Effective-Modern-Specific-Ways-Improve/dp/1491903996
https://www.amazon.com/Starting-Control-Structures-through-Objects/dp/0133778819
https://www.amazon.com/Programming-Language-hardcover-4th/dp/0321958322
https://www.amazon.com/Python-Pocket-Reference-Your-OReilly/dp/1449357016
https://www.amazon.com/Java-Beginners-Guide-Herbert-Schildt/dp/0071809252
https://www.amazon.com/Programming-Language-Addison-Wesley-Professional-Computing/dp/0134190440
https://www.amazon.com/Fluent-Python-Concise-Effective-Programming/dp/1491946008
https://www.amazon.com/Little-SAS-Book-Primer-Fifth/dp/1612903436
https://www.amazon.com/Introduction-Computation-Programming-Using-Python/dp/0262529629
https://www.amazon.com/Swift-Programming-Ranch-Guide-Guides/dp/013461061X
https://www.amazon.com/Amazon-Services-Action-Andreas-Wittig/dp/1617292885
https://www.amazon.com/Introduction-Machine-Learning-Python-Scientists/dp/1449369413
https://www.amazon.com/Java-Complete-Reference-Herbert-Schildt/dp/0071808558
https://www.amazon.com/Learn-Python-Hard-Way-Introduction/dp/0321884914
https://www.amazon.com/Excel-2013-Power-Programming-VBA/dp/1118490398
https://www.amazon.com/Building-Java-Programs-Basics-Approach/dp/0134322762
https://www.amazon.com/Web-Development-Design-Foundations-HTML5/dp/0134322754
https://www.amazon.com/Web-Development-Design-Foundations-HTML5/dp/0134322754
https://www.amazon.com/JavaScript-Good-Parts-Douglas-Crockford/dp/0596517742
https://www.amazon.com/Learning-Web-Design-Beginners-JavaScript/dp/1449319270
https://www.amazon.com/Hadoop-Definitive-Storage-Analysis-Internet/dp/1491901632
https://www.amazon.com/Python-Data-Science-Handbook-Essential/dp/1491912057
https://www.amazon.com/Cookbook-Analysis-Statistics-Graphics-Cookbooks/dp/0596809158
https://www.amazon.com/Learning-PHP-MySQL-JavaScript-Javascript/dp/1491918667

Runtime: 81.243404026 seconds
